<?xml version="1.0" encoding="UTF-8"?>
<testng-results skipped="0" failed="0" ignored="0" total="1" passed="1">
  <reporter-output>
  </reporter-output>
  <suite name="Suite" duration-ms="22426" started-at="2020-12-10T00:58:51 EET" finished-at="2020-12-10T00:59:13 EET">
    <groups>
    </groups>
    <test name="Test" duration-ms="22426" started-at="2020-12-10T00:58:51 EET" finished-at="2020-12-10T00:59:13 EET">
      <class name="com.inetBanking.testCases.TC_NewCustomerTest_003">
        <test-method status="PASS" signature="setup(java.lang.String)[pri:0, instance:com.inetBanking.testCases.TC_NewCustomerTest_003@77caeb3e]" name="setup" is-config="true" duration-ms="8967" started-at="2020-12-10T00:58:51 EET" finished-at="2020-12-10T00:59:00 EET">
          <params>
            <param index="0">
              <value>
                <![CDATA[chrome]]>
              </value>
            </param>
          </params>
          <reporter-output>
          </reporter-output>
        </test-method> <!-- setup -->
        <test-method status="PASS" signature="createNewCustomer()[pri:0, instance:com.inetBanking.testCases.TC_NewCustomerTest_003@77caeb3e]" name="createNewCustomer" duration-ms="12547" started-at="2020-12-10T00:59:00 EET" finished-at="2020-12-10T00:59:13 EET">
          <reporter-output>
          </reporter-output>
        </test-method> <!-- createNewCustomer -->
        <test-method status="PASS" signature="quitBrowser()[pri:0, instance:com.inetBanking.testCases.TC_NewCustomerTest_003@77caeb3e]" name="quitBrowser" is-config="true" duration-ms="682" started-at="2020-12-10T00:59:13 EET" finished-at="2020-12-10T00:59:13 EET">
          <reporter-output>
          </reporter-output>
        </test-method> <!-- quitBrowser -->
      </class> <!-- com.inetBanking.testCases.TC_NewCustomerTest_003 -->
    </test> <!-- Test -->
  </suite> <!-- Suite -->
</testng-results>
