<?xml version="1.0" encoding="UTF-8"?>
<testng-results skipped="0" failed="0" ignored="0" total="1" passed="1">
  <reporter-output>
  </reporter-output>
  <suite name="Suite" duration-ms="18184" started-at="2021-01-10T22:44:04 EET" finished-at="2021-01-10T22:44:23 EET">
    <groups>
    </groups>
    <test name="Test" duration-ms="18184" started-at="2021-01-10T22:44:04 EET" finished-at="2021-01-10T22:44:23 EET">
      <class name="com.inetBanking.testCases.TC_DeleteCustomerTest_005">
        <test-method status="PASS" signature="setup(java.lang.String)[pri:0, instance:com.inetBanking.testCases.TC_DeleteCustomerTest_005@3b088d51]" name="setup" is-config="true" duration-ms="8381" started-at="2021-01-10T22:44:05 EET" finished-at="2021-01-10T22:44:13 EET">
          <params>
            <param index="0">
              <value>
                <![CDATA[chrome]]>
              </value>
            </param>
          </params>
          <reporter-output>
          </reporter-output>
        </test-method> <!-- setup -->
        <test-method status="PASS" signature="deleteCustomer()[pri:0, instance:com.inetBanking.testCases.TC_DeleteCustomerTest_005@3b088d51]" name="deleteCustomer" duration-ms="8709" started-at="2021-01-10T22:44:13 EET" finished-at="2021-01-10T22:44:22 EET">
          <reporter-output>
          </reporter-output>
        </test-method> <!-- deleteCustomer -->
        <test-method status="PASS" signature="quitBrowser()[pri:0, instance:com.inetBanking.testCases.TC_DeleteCustomerTest_005@3b088d51]" name="quitBrowser" is-config="true" duration-ms="804" started-at="2021-01-10T22:44:22 EET" finished-at="2021-01-10T22:44:23 EET">
          <reporter-output>
          </reporter-output>
        </test-method> <!-- quitBrowser -->
      </class> <!-- com.inetBanking.testCases.TC_DeleteCustomerTest_005 -->
    </test> <!-- Test -->
  </suite> <!-- Suite -->
</testng-results>
